<?xml version="1.0" encoding="UTF-8"?>
<!-- Generated by org.testng.reporters.JUnitXMLReporter -->
<testsuite ignored="0" hostname="LAPTOP-GKELI512" failures="0" tests="10" name="Default test" time="16.539" errors="0" timestamp="2024-11-06T09:59:27 IST">
  <testcase classname="Testpkg.Testqa" name="test1" time="0.096"/>
  <testcase classname="Testpkg.Testqa" name="test10" time="0.334"/>
  <testcase classname="Testpkg.Testqa" name="test2" time="1.198"/>
  <testcase classname="Testpkg.Testqa" name="test3" time="0.671"/>
  <testcase classname="Testpkg.Testqa" name="test4" time="0.35"/>
  <testcase classname="Testpkg.Testqa" name="test5" time="0.394"/>
  <testcase classname="Testpkg.Testqa" name="test6" time="0.755"/>
  <testcase classname="Testpkg.Testqa" name="test7" time="0.927"/>
  <testcase classname="Testpkg.Testqa" name="test8" time="0.376"/>
  <testcase classname="Testpkg.Testqa" name="test9" time="1.854"/>
</testsuite> <!-- Default test -->
