<?xml version="1.0" encoding="UTF-8"?>
<testng-results ignored="0" total="10" passed="10" failed="0" skipped="0">
  <reporter-output>
  </reporter-output>
  <suite started-at="2024-11-06T09:59:10 IST" name="Default suite" finished-at="2024-11-06T09:59:26 IST" duration-ms="16539">
    <groups>
    </groups>
    <test started-at="2024-11-06T09:59:10 IST" name="Default test" finished-at="2024-11-06T09:59:26 IST" duration-ms="16539">
      <class name="Testpkg.Testqa">
        <test-method is-config="true" signature="setup()[pri:0, instance:Testpkg.Testqa@298a5e20]" started-at="2024-11-06T09:59:10 IST" name="setup" finished-at="2024-11-06T09:59:19 IST" duration-ms="9447" status="PASS">
          <reporter-output>
          </reporter-output>
        </test-method> <!-- setup -->
        <test-method signature="test1()[pri:0, instance:Testpkg.Testqa@298a5e20]" started-at="2024-11-06T09:59:19 IST" name="test1" finished-at="2024-11-06T09:59:20 IST" duration-ms="96" status="PASS">
          <reporter-output>
          </reporter-output>
        </test-method> <!-- test1 -->
        <test-method signature="test10()[pri:0, instance:Testpkg.Testqa@298a5e20]" started-at="2024-11-06T09:59:20 IST" name="test10" finished-at="2024-11-06T09:59:20 IST" duration-ms="334" status="PASS">
          <reporter-output>
          </reporter-output>
        </test-method> <!-- test10 -->
        <test-method signature="test2()[pri:0, instance:Testpkg.Testqa@298a5e20]" started-at="2024-11-06T09:59:20 IST" name="test2" finished-at="2024-11-06T09:59:21 IST" duration-ms="1198" status="PASS">
          <reporter-output>
          </reporter-output>
        </test-method> <!-- test2 -->
        <test-method signature="test3()[pri:0, instance:Testpkg.Testqa@298a5e20]" started-at="2024-11-06T09:59:21 IST" name="test3" finished-at="2024-11-06T09:59:22 IST" duration-ms="671" status="PASS">
          <reporter-output>
          </reporter-output>
        </test-method> <!-- test3 -->
        <test-method signature="test4()[pri:0, instance:Testpkg.Testqa@298a5e20]" started-at="2024-11-06T09:59:22 IST" name="test4" finished-at="2024-11-06T09:59:22 IST" duration-ms="350" status="PASS">
          <reporter-output>
          </reporter-output>
        </test-method> <!-- test4 -->
        <test-method signature="test5()[pri:0, instance:Testpkg.Testqa@298a5e20]" started-at="2024-11-06T09:59:22 IST" name="test5" finished-at="2024-11-06T09:59:23 IST" duration-ms="394" status="PASS">
          <reporter-output>
          </reporter-output>
        </test-method> <!-- test5 -->
        <test-method signature="test6()[pri:0, instance:Testpkg.Testqa@298a5e20]" started-at="2024-11-06T09:59:23 IST" name="test6" finished-at="2024-11-06T09:59:23 IST" duration-ms="755" status="PASS">
          <reporter-output>
          </reporter-output>
        </test-method> <!-- test6 -->
        <test-method signature="test7()[pri:0, instance:Testpkg.Testqa@298a5e20]" started-at="2024-11-06T09:59:23 IST" name="test7" finished-at="2024-11-06T09:59:24 IST" duration-ms="927" status="PASS">
          <reporter-output>
          </reporter-output>
        </test-method> <!-- test7 -->
        <test-method signature="test8()[pri:0, instance:Testpkg.Testqa@298a5e20]" started-at="2024-11-06T09:59:24 IST" name="test8" finished-at="2024-11-06T09:59:25 IST" duration-ms="376" status="PASS">
          <reporter-output>
          </reporter-output>
        </test-method> <!-- test8 -->
        <test-method signature="test9()[pri:0, instance:Testpkg.Testqa@298a5e20]" started-at="2024-11-06T09:59:25 IST" name="test9" finished-at="2024-11-06T09:59:26 IST" duration-ms="1854" status="PASS">
          <reporter-output>
          </reporter-output>
        </test-method> <!-- test9 -->
      </class> <!-- Testpkg.Testqa -->
    </test> <!-- Default test -->
  </suite> <!-- Default suite -->
</testng-results>
